# JRE version: OpenJDK Runtime Environment (11.0.11+9) (build 11.0.11+9-b60-7590822)
# Java VM: OpenJDK 64-Bit Server VM (11.0.11+9-b60-7590822, mixed mode, tiered, compressed oops, g1 gc, windows-amd64)
Heap:
 garbage-first heap   total 196608K, used 105893K [0x0000000080000000, 0x0000000100000000)
  region size 1024K, 74 young (75776K), 13 survivors (13312K)
 Metaspace       used 54745K, capacity 55998K, committed 56316K, reserved 1097728K
  class space    used 6956K, capacity 7427K, committed 7552K, reserved 1048576K
GC Heap History (18 events):
Event: 1.681 GC heap before
{Heap before GC invocations=0 (full 0):
 garbage-first heap   total 196608K, used 19456K [0x0000000080000000, 0x0000000100000000)
  region size 1024K, 14 young (14336K), 0 survivors (0K)
 Metaspace       used 6734K, capacity 6925K, committed 7168K, reserved 1056768K
  class space    used 582K, capacity 650K, committed 768K, reserved 1048576K
}
Event: 1.693 GC heap after
{Heap after GC invocations=1 (full 0):
 garbage-first heap   total 196608K, used 8279K [0x0000000080000000, 0x0000000100000000)
  region size 1024K, 2 young (2048K), 2 survivors (2048K)
 Metaspace       used 6734K, capacity 6925K, committed 7168K, reserved 1056768K
  class space    used 582K, capacity 650K, committed 768K, reserved 1048576K
}
Event: 2.658 GC heap before
{Heap before GC invocations=1 (full 0):
 garbage-first heap   total 196608K, used 19543K [0x0000000080000000, 0x0000000100000000)
  region size 1024K, 13 young (13312K), 2 survivors (2048K)
 Metaspace       used 10258K, capacity 10553K, committed 10624K, reserved 1058816K
  class space    used 1071K, capacity 1139K, committed 1152K, reserved 1048576K
}
Event: 2.665 GC heap after
{Heap after GC invocations=2 (full 0):
 garbage-first heap   total 196608K, used 9848K [0x0000000080000000, 0x0000000100000000)
  region size 1024K, 2 young (2048K), 2 survivors (2048K)
 Metaspace       used 10258K, capacity 10553K, committed 10624K, reserved 1058816K
  class space    used 1071K, capacity 1139K, committed 1152K, reserved 1048576K
}
Event: 3.927 GC heap before
{Heap before GC invocations=2 (full 0):
 garbage-first heap   total 196608K, used 40568K [0x0000000080000000, 0x0000000100000000)
  region size 1024K, 31 young (31744K), 2 survivors (2048K)
 Metaspace       used 11216K, capacity 11444K, committed 11520K, reserved 1058816K
  class space    used 1173K, capacity 1244K, committed 1280K, reserved 1048576K
}
Event: 3.934 GC heap after
{Heap after GC invocations=3 (full 0):
 garbage-first heap   total 196608K, used 12714K [0x0000000080000000, 0x0000000100000000)
  region size 1024K, 4 young (4096K), 4 survivors (4096K)
 Metaspace       used 11216K, capacity 11444K, committed 11520K, reserved 1058816K
  class space    used 1173K, capacity 1244K, committed 1280K, reserved 1048576K
}
Event: 7.791 GC heap before
{Heap before GC invocations=3 (full 0):
 garbage-first heap   total 196608K, used 53674K [0x0000000080000000, 0x0000000100000000)
  region size 1024K, 45 young (46080K), 4 survivors (4096K)
 Metaspace       used 17598K, capacity 17992K, committed 18176K, reserved 1064960K
  class space    used 2079K, capacity 2219K, committed 2304K, reserved 1048576K
}
Event: 7.809 GC heap after
{Heap after GC invocations=4 (full 0):
 garbage-first heap   total 196608K, used 16232K [0x0000000080000000, 0x0000000100000000)
  region size 1024K, 6 young (6144K), 6 survivors (6144K)
 Metaspace       used 17598K, capacity 17992K, committed 18176K, reserved 1064960K
  class space    used 2079K, capacity 2219K, committed 2304K, reserved 1048576K
}
Event: 9.366 GC heap before
{Heap before GC invocations=4 (full 0):
 garbage-first heap   total 196608K, used 41832K [0x0000000080000000, 0x0000000100000000)
  region size 1024K, 32 young (32768K), 6 survivors (6144K)
 Metaspace       used 20664K, capacity 21104K, committed 21296K, reserved 1069056K
  class space    used 2532K, capacity 2660K, committed 2688K, reserved 1048576K
}
Event: 9.386 GC heap after
{Heap after GC invocations=5 (full 0):
 garbage-first heap   total 196608K, used 17160K [0x0000000080000000, 0x0000000100000000)
  region size 1024K, 7 young (7168K), 7 survivors (7168K)
 Metaspace       used 20664K, capacity 21104K, committed 21296K, reserved 1069056K
  class space    used 2532K, capacity 2660K, committed 2688K, reserved 1048576K
}
Event: 14.991 GC heap before
{Heap before GC invocations=6 (full 0):
 garbage-first heap   total 196608K, used 74504K [0x0000000080000000, 0x0000000100000000)
  region size 1024K, 63 young (64512K), 7 survivors (7168K)
 Metaspace       used 26289K, capacity 26930K, committed 27184K, reserved 1073152K
  class space    used 3443K, capacity 3651K, committed 3712K, reserved 1048576K
}
Event: 15.014 GC heap after
{Heap after GC invocations=7 (full 0):
 garbage-first heap   total 196608K, used 19494K [0x0000000080000000, 0x0000000100000000)
  region size 1024K, 4 young (4096K), 4 survivors (4096K)
 Metaspace       used 26289K, capacity 26930K, committed 27184K, reserved 1073152K
  class space    used 3443K, capacity 3651K, committed 3712K, reserved 1048576K
}
Event: 17.292 GC heap before
{Heap before GC invocations=7 (full 0):
 garbage-first heap   total 196608K, used 73766K [0x0000000080000000, 0x0000000100000000)
  region size 1024K, 58 young (59392K), 4 survivors (4096K)
 Metaspace       used 34880K, capacity 35636K, committed 35708K, reserved 1081344K
  class space    used 4536K, capacity 4857K, committed 4864K, reserved 1048576K
}
Event: 17.318 GC heap after
{Heap after GC invocations=8 (full 0):
 garbage-first heap   total 196608K, used 22615K [0x0000000080000000, 0x0000000100000000)
  region size 1024K, 7 young (7168K), 7 survivors (7168K)
 Metaspace       used 34880K, capacity 35636K, committed 35708K, reserved 1081344K
  class space    used 4536K, capacity 4857K, committed 4864K, reserved 1048576K
}
Event: 20.482 GC heap before
{Heap before GC invocations=9 (full 0):
 garbage-first heap   total 196608K, used 108631K [0x0000000080000000, 0x0000000100000000)
  region size 1024K, 89 young (91136K), 7 survivors (7168K)
 Metaspace       used 41613K, capacity 42535K, committed 42748K, reserved 1087488K
  class space    used 5362K, capacity 5714K, committed 5760K, reserved 1048576K
}
Event: 20.527 GC heap after
{Heap after GC invocations=10 (full 0):
 garbage-first heap   total 196608K, used 28506K [0x0000000080000000, 0x0000000100000000)
  region size 1024K, 12 young (12288K), 12 survivors (12288K)
 Metaspace       used 41613K, capacity 42535K, committed 42748K, reserved 1087488K
  class space    used 5362K, capacity 5714K, committed 5760K, reserved 1048576K
}
Event: 24.932 GC heap before
{Heap before GC invocations=10 (full 0):
 garbage-first heap   total 196608K, used 135002K [0x0000000080000000, 0x0000000100000000)
  region size 1024K, 112 young (114688K), 12 survivors (12288K)
 Metaspace       used 48017K, capacity 49263K, committed 49532K, reserved 1091584K
  class space    used 6118K, capacity 6584K, committed 6656K, reserved 1048576K
}
Event: 24.991 GC heap after
{Heap after GC invocations=11 (full 0):
 garbage-first heap   total 196608K, used 39333K [0x0000000080000000, 0x0000000100000000)
  region size 1024K, 13 young (13312K), 13 survivors (13312K)
 Metaspace       used 48017K, capacity 49263K, committed 49532K, reserved 1091584K
  class space    used 6118K, capacity 6584K, committed 6656K, reserved 1048576K
}

