# JRE version: OpenJDK Runtime Environment (11.0.11+9) (build 11.0.11+9-b60-7590822)
# Java VM: OpenJDK 64-Bit Server VM (11.0.11+9-b60-7590822, mixed mode, tiered, compressed oops, g1 gc, windows-amd64)
Heap:
 garbage-first heap   total 196608K, used 50474K [0x0000000080000000, 0x0000000100000000)
  region size 1024K, 35 young (35840K), 4 survivors (4096K)
 Metaspace       used 28895K, capacity 29526K, committed 29696K, reserved 1075200K
  class space    used 3851K, capacity 4094K, committed 4096K, reserved 1048576K
GC Heap History (12 events):
Event: 1.332 GC heap before
{Heap before GC invocations=0 (full 0):
 garbage-first heap   total 196608K, used 19456K [0x0000000080000000, 0x0000000100000000)
  region size 1024K, 14 young (14336K), 0 survivors (0K)
 Metaspace       used 6731K, capacity 6925K, committed 7168K, reserved 1056768K
  class space    used 582K, capacity 650K, committed 768K, reserved 1048576K
}
Event: 1.399 GC heap after
{Heap after GC invocations=1 (full 0):
 garbage-first heap   total 196608K, used 7869K [0x0000000080000000, 0x0000000100000000)
  region size 1024K, 2 young (2048K), 2 survivors (2048K)
 Metaspace       used 6731K, capacity 6925K, committed 7168K, reserved 1056768K
  class space    used 582K, capacity 650K, committed 768K, reserved 1048576K
}
Event: 2.172 GC heap before
{Heap before GC invocations=1 (full 0):
 garbage-first heap   total 196608K, used 19133K [0x0000000080000000, 0x0000000100000000)
  region size 1024K, 13 young (13312K), 2 survivors (2048K)
 Metaspace       used 10244K, capacity 10489K, committed 10624K, reserved 1058816K
  class space    used 1070K, capacity 1139K, committed 1152K, reserved 1048576K
}
Event: 2.178 GC heap after
{Heap after GC invocations=2 (full 0):
 garbage-first heap   total 196608K, used 9688K [0x0000000080000000, 0x0000000100000000)
  region size 1024K, 2 young (2048K), 2 survivors (2048K)
 Metaspace       used 10244K, capacity 10489K, committed 10624K, reserved 1058816K
  class space    used 1070K, capacity 1139K, committed 1152K, reserved 1048576K
}
Event: 3.390 GC heap before
{Heap before GC invocations=2 (full 0):
 garbage-first heap   total 196608K, used 38360K [0x0000000080000000, 0x0000000100000000)
  region size 1024K, 29 young (29696K), 2 survivors (2048K)
 Metaspace       used 11211K, capacity 11444K, committed 11520K, reserved 1058816K
  class space    used 1173K, capacity 1244K, committed 1280K, reserved 1048576K
}
Event: 3.397 GC heap after
{Heap after GC invocations=3 (full 0):
 garbage-first heap   total 196608K, used 12520K [0x0000000080000000, 0x0000000100000000)
  region size 1024K, 4 young (4096K), 4 survivors (4096K)
 Metaspace       used 11211K, capacity 11444K, committed 11520K, reserved 1058816K
  class space    used 1173K, capacity 1244K, committed 1280K, reserved 1048576K
}
Event: 6.504 GC heap before
{Heap before GC invocations=3 (full 0):
 garbage-first heap   total 196608K, used 51432K [0x0000000080000000, 0x0000000100000000)
  region size 1024K, 43 young (44032K), 4 survivors (4096K)
 Metaspace       used 17342K, capacity 17736K, committed 17792K, reserved 1064960K
  class space    used 2032K, capacity 2155K, committed 2176K, reserved 1048576K
}
Event: 6.520 GC heap after
{Heap after GC invocations=4 (full 0):
 garbage-first heap   total 196608K, used 16015K [0x0000000080000000, 0x0000000100000000)
  region size 1024K, 6 young (6144K), 6 survivors (6144K)
 Metaspace       used 17342K, capacity 17736K, committed 17792K, reserved 1064960K
  class space    used 2032K, capacity 2155K, committed 2176K, reserved 1048576K
}
Event: 7.354 GC heap before
{Heap before GC invocations=4 (full 0):
 garbage-first heap   total 196608K, used 45711K [0x0000000080000000, 0x0000000100000000)
  region size 1024K, 36 young (36864K), 6 survivors (6144K)
 Metaspace       used 20650K, capacity 21104K, committed 21296K, reserved 1069056K
  class space    used 2532K, capacity 2660K, committed 2688K, reserved 1048576K
}
Event: 7.375 GC heap after
{Heap after GC invocations=5 (full 0):
 garbage-first heap   total 196608K, used 18035K [0x0000000080000000, 0x0000000100000000)
  region size 1024K, 2 young (2048K), 2 survivors (2048K)
 Metaspace       used 20650K, capacity 21104K, committed 21296K, reserved 1069056K
  class space    used 2532K, capacity 2660K, committed 2688K, reserved 1048576K
}
Event: 9.089 GC heap before
{Heap before GC invocations=6 (full 0):
 garbage-first heap   total 196608K, used 72307K [0x0000000080000000, 0x0000000100000000)
  region size 1024K, 55 young (56320K), 2 survivors (2048K)
 Metaspace       used 26161K, capacity 26767K, committed 27008K, reserved 1073152K
  class space    used 3423K, capacity 3618K, committed 3712K, reserved 1048576K
}
Event: 9.102 GC heap after
{Heap after GC invocations=7 (full 0):
 garbage-first heap   total 196608K, used 19754K [0x0000000080000000, 0x0000000100000000)
  region size 1024K, 4 young (4096K), 4 survivors (4096K)
 Metaspace       used 26161K, capacity 26767K, committed 27008K, reserved 1073152K
  class space    used 3423K, capacity 3618K, committed 3712K, reserved 1048576K
}

