# JRE version: OpenJDK Runtime Environment (11.0.11+9) (build 11.0.11+9-b60-7590822)
# Java VM: OpenJDK 64-Bit Server VM (11.0.11+9-b60-7590822, mixed mode, tiered, compressed oops, g1 gc, windows-amd64)
Heap:
 garbage-first heap   total 196608K, used 63677K [0x0000000080000000, 0x0000000100000000)
  region size 1024K, 46 young (47104K), 7 survivors (7168K)
 Metaspace       used 37979K, capacity 38892K, committed 39068K, reserved 1083392K
  class space    used 4909K, capacity 5280K, committed 5376K, reserved 1048576K
GC Heap History (14 events):
Event: 1.714 GC heap before
{Heap before GC invocations=0 (full 0):
 garbage-first heap   total 196608K, used 19456K [0x0000000080000000, 0x0000000100000000)
  region size 1024K, 14 young (14336K), 0 survivors (0K)
 Metaspace       used 6735K, capacity 6921K, committed 7168K, reserved 1056768K
  class space    used 582K, capacity 650K, committed 768K, reserved 1048576K
}
Event: 1.738 GC heap after
{Heap after GC invocations=1 (full 0):
 garbage-first heap   total 196608K, used 7850K [0x0000000080000000, 0x0000000100000000)
  region size 1024K, 2 young (2048K), 2 survivors (2048K)
 Metaspace       used 6735K, capacity 6921K, committed 7168K, reserved 1056768K
  class space    used 582K, capacity 650K, committed 768K, reserved 1048576K
}
Event: 2.706 GC heap before
{Heap before GC invocations=1 (full 0):
 garbage-first heap   total 196608K, used 19114K [0x0000000080000000, 0x0000000100000000)
  region size 1024K, 13 young (13312K), 2 survivors (2048K)
 Metaspace       used 10271K, capacity 10549K, committed 10624K, reserved 1058816K
  class space    used 1071K, capacity 1139K, committed 1152K, reserved 1048576K
}
Event: 2.715 GC heap after
{Heap after GC invocations=2 (full 0):
 garbage-first heap   total 196608K, used 9812K [0x0000000080000000, 0x0000000100000000)
  region size 1024K, 2 young (2048K), 2 survivors (2048K)
 Metaspace       used 10271K, capacity 10549K, committed 10624K, reserved 1058816K
  class space    used 1071K, capacity 1139K, committed 1152K, reserved 1048576K
}
Event: 4.536 GC heap before
{Heap before GC invocations=2 (full 0):
 garbage-first heap   total 196608K, used 36436K [0x0000000080000000, 0x0000000100000000)
  region size 1024K, 28 young (28672K), 2 survivors (2048K)
 Metaspace       used 11239K, capacity 11504K, committed 11776K, reserved 1060864K
  class space    used 1173K, capacity 1244K, committed 1280K, reserved 1048576K
}
Event: 4.543 GC heap after
{Heap after GC invocations=3 (full 0):
 garbage-first heap   total 196608K, used 11252K [0x0000000080000000, 0x0000000100000000)
  region size 1024K, 4 young (4096K), 4 survivors (4096K)
 Metaspace       used 11239K, capacity 11504K, committed 11776K, reserved 1060864K
  class space    used 1173K, capacity 1244K, committed 1280K, reserved 1048576K
}
Event: 8.000 GC heap before
{Heap before GC invocations=3 (full 0):
 garbage-first heap   total 196608K, used 52212K [0x0000000080000000, 0x0000000100000000)
  region size 1024K, 43 young (44032K), 4 survivors (4096K)
 Metaspace       used 17299K, capacity 17796K, committed 18048K, reserved 1064960K
  class space    used 2016K, capacity 2155K, committed 2176K, reserved 1048576K
}
Event: 8.017 GC heap after
{Heap after GC invocations=4 (full 0):
 garbage-first heap   total 196608K, used 15806K [0x0000000080000000, 0x0000000100000000)
  region size 1024K, 6 young (6144K), 6 survivors (6144K)
 Metaspace       used 17299K, capacity 17796K, committed 18048K, reserved 1064960K
  class space    used 2016K, capacity 2155K, committed 2176K, reserved 1048576K
}
Event: 8.857 GC heap before
{Heap before GC invocations=4 (full 0):
 garbage-first heap   total 196608K, used 46526K [0x0000000080000000, 0x0000000100000000)
  region size 1024K, 37 young (37888K), 6 survivors (6144K)
 Metaspace       used 20684K, capacity 21164K, committed 21296K, reserved 1069056K
  class space    used 2532K, capacity 2660K, committed 2688K, reserved 1048576K
}
Event: 8.878 GC heap after
{Heap after GC invocations=5 (full 0):
 garbage-first heap   total 196608K, used 17692K [0x0000000080000000, 0x0000000100000000)
  region size 1024K, 6 young (6144K), 6 survivors (6144K)
 Metaspace       used 20684K, capacity 21164K, committed 21296K, reserved 1069056K
  class space    used 2532K, capacity 2660K, committed 2688K, reserved 1048576K
}
Event: 10.535 GC heap before
{Heap before GC invocations=6 (full 0):
 garbage-first heap   total 196608K, used 72988K [0x0000000080000000, 0x0000000100000000)
  region size 1024K, 61 young (62464K), 6 survivors (6144K)
 Metaspace       used 26252K, capacity 26926K, committed 27008K, reserved 1073152K
  class space    used 3436K, capacity 3651K, committed 3712K, reserved 1048576K
}
Event: 10.553 GC heap after
{Heap after GC invocations=7 (full 0):
 garbage-first heap   total 196608K, used 19473K [0x0000000080000000, 0x0000000100000000)
  region size 1024K, 4 young (4096K), 4 survivors (4096K)
 Metaspace       used 26252K, capacity 26926K, committed 27008K, reserved 1073152K
  class space    used 3436K, capacity 3651K, committed 3712K, reserved 1048576K
}
Event: 13.350 GC heap before
{Heap before GC invocations=7 (full 0):
 garbage-first heap   total 196608K, used 75793K [0x0000000080000000, 0x0000000100000000)
  region size 1024K, 60 young (61440K), 4 survivors (4096K)
 Metaspace       used 35089K, capacity 35906K, committed 36048K, reserved 1081344K
  class space    used 4558K, capacity 4863K, committed 4864K, reserved 1048576K
}
Event: 13.377 GC heap after
{Heap after GC invocations=8 (full 0):
 garbage-first heap   total 196608K, used 22717K [0x0000000080000000, 0x0000000100000000)
  region size 1024K, 7 young (7168K), 7 survivors (7168K)
 Metaspace       used 35089K, capacity 35906K, committed 36048K, reserved 1081344K
  class space    used 4558K, capacity 4863K, committed 4864K, reserved 1048576K
}

