# JRE version: OpenJDK Runtime Environment (11.0.11+9) (build 11.0.11+9-b60-7590822)
# Java VM: OpenJDK 64-Bit Server VM (11.0.11+9-b60-7590822, mixed mode, tiered, compressed oops, g1 gc, windows-amd64)
Heap:
 garbage-first heap   total 196608K, used 67924K [0x0000000080000000, 0x0000000100000000)
  region size 1024K, 52 young (53248K), 14 survivors (14336K)
 Metaspace       used 46923K, capacity 48058K, committed 48208K, reserved 1091584K
  class space    used 6029K, capacity 6467K, committed 6528K, reserved 1048576K
GC Heap History (16 events):
Event: 4.650 GC heap before
{Heap before GC invocations=0 (full 0):
 garbage-first heap   total 196608K, used 19456K [0x0000000080000000, 0x0000000100000000)
  region size 1024K, 14 young (14336K), 0 survivors (0K)
 Metaspace       used 6753K, capacity 6929K, committed 7168K, reserved 1056768K
  class space    used 582K, capacity 650K, committed 768K, reserved 1048576K
}
Event: 4.738 GC heap after
{Heap after GC invocations=1 (full 0):
 garbage-first heap   total 196608K, used 7886K [0x0000000080000000, 0x0000000100000000)
  region size 1024K, 2 young (2048K), 2 survivors (2048K)
 Metaspace       used 6753K, capacity 6929K, committed 7168K, reserved 1056768K
  class space    used 582K, capacity 650K, committed 768K, reserved 1048576K
}
Event: 9.154 GC heap before
{Heap before GC invocations=1 (full 0):
 garbage-first heap   total 196608K, used 20174K [0x0000000080000000, 0x0000000100000000)
  region size 1024K, 14 young (14336K), 2 survivors (2048K)
 Metaspace       used 10275K, capacity 10557K, committed 10624K, reserved 1058816K
  class space    used 1070K, capacity 1139K, committed 1152K, reserved 1048576K
}
Event: 9.162 GC heap after
{Heap after GC invocations=2 (full 0):
 garbage-first heap   total 196608K, used 9565K [0x0000000080000000, 0x0000000100000000)
  region size 1024K, 2 young (2048K), 2 survivors (2048K)
 Metaspace       used 10275K, capacity 10557K, committed 10624K, reserved 1058816K
  class space    used 1070K, capacity 1139K, committed 1152K, reserved 1048576K
}
Event: 10.955 GC heap before
{Heap before GC invocations=2 (full 0):
 garbage-first heap   total 196608K, used 38237K [0x0000000080000000, 0x0000000100000000)
  region size 1024K, 29 young (29696K), 2 survivors (2048K)
 Metaspace       used 11231K, capacity 11512K, committed 11776K, reserved 1060864K
  class space    used 1173K, capacity 1244K, committed 1280K, reserved 1048576K
}
Event: 10.966 GC heap after
{Heap after GC invocations=3 (full 0):
 garbage-first heap   total 196608K, used 12881K [0x0000000080000000, 0x0000000100000000)
  region size 1024K, 4 young (4096K), 4 survivors (4096K)
 Metaspace       used 11231K, capacity 11512K, committed 11776K, reserved 1060864K
  class space    used 1173K, capacity 1244K, committed 1280K, reserved 1048576K
}
Event: 14.569 GC heap before
{Heap before GC invocations=3 (full 0):
 garbage-first heap   total 196608K, used 52817K [0x0000000080000000, 0x0000000100000000)
  region size 1024K, 43 young (44032K), 4 survivors (4096K)
 Metaspace       used 17398K, capacity 17804K, committed 18048K, reserved 1064960K
  class space    used 2040K, capacity 2155K, committed 2176K, reserved 1048576K
}
Event: 14.586 GC heap after
{Heap after GC invocations=4 (full 0):
 garbage-first heap   total 196608K, used 16081K [0x0000000080000000, 0x0000000100000000)
  region size 1024K, 6 young (6144K), 6 survivors (6144K)
 Metaspace       used 17398K, capacity 17804K, committed 18048K, reserved 1064960K
  class space    used 2040K, capacity 2155K, committed 2176K, reserved 1048576K
}
Event: 15.335 GC heap before
{Heap before GC invocations=4 (full 0):
 garbage-first heap   total 196608K, used 43729K [0x0000000080000000, 0x0000000100000000)
  region size 1024K, 34 young (34816K), 6 survivors (6144K)
 Metaspace       used 20662K, capacity 21108K, committed 21296K, reserved 1069056K
  class space    used 2532K, capacity 2660K, committed 2688K, reserved 1048576K
}
Event: 15.349 GC heap after
{Heap after GC invocations=5 (full 0):
 garbage-first heap   total 196608K, used 17627K [0x0000000080000000, 0x0000000100000000)
  region size 1024K, 6 young (6144K), 6 survivors (6144K)
 Metaspace       used 20662K, capacity 21108K, committed 21296K, reserved 1069056K
  class space    used 2532K, capacity 2660K, committed 2688K, reserved 1048576K
}
Event: 16.959 GC heap before
{Heap before GC invocations=6 (full 0):
 garbage-first heap   total 196608K, used 68827K [0x0000000080000000, 0x0000000100000000)
  region size 1024K, 56 young (57344K), 6 survivors (6144K)
 Metaspace       used 25941K, capacity 26640K, committed 26752K, reserved 1073152K
  class space    used 3395K, capacity 3617K, committed 3712K, reserved 1048576K
}
Event: 16.978 GC heap after
{Heap after GC invocations=7 (full 0):
 garbage-first heap   total 196608K, used 19519K [0x0000000080000000, 0x0000000100000000)
  region size 1024K, 4 young (4096K), 4 survivors (4096K)
 Metaspace       used 25941K, capacity 26640K, committed 26752K, reserved 1073152K
  class space    used 3395K, capacity 3617K, committed 3712K, reserved 1048576K
}
Event: 19.340 GC heap before
{Heap before GC invocations=7 (full 0):
 garbage-first heap   total 196608K, used 80959K [0x0000000080000000, 0x0000000100000000)
  region size 1024K, 65 young (66560K), 4 survivors (4096K)
 Metaspace       used 35063K, capacity 35850K, committed 36048K, reserved 1081344K
  class space    used 4560K, capacity 4863K, committed 4864K, reserved 1048576K
}
Event: 19.372 GC heap after
{Heap after GC invocations=8 (full 0):
 garbage-first heap   total 196608K, used 23030K [0x0000000080000000, 0x0000000100000000)
  region size 1024K, 7 young (7168K), 7 survivors (7168K)
 Metaspace       used 35063K, capacity 35850K, committed 36048K, reserved 1081344K
  class space    used 4560K, capacity 4863K, committed 4864K, reserved 1048576K
}
Event: 23.226 GC heap before
{Heap before GC invocations=9 (full 0):
 garbage-first heap   total 196608K, used 136694K [0x0000000080000000, 0x0000000100000000)
  region size 1024K, 115 young (117760K), 7 survivors (7168K)
 Metaspace       used 44149K, capacity 45191K, committed 45520K, reserved 1089536K
  class space    used 5650K, capacity 6022K, committed 6144K, reserved 1048576K
}
Event: 23.276 GC heap after
{Heap after GC invocations=10 (full 0):
 garbage-first heap   total 196608K, used 30036K [0x0000000080000000, 0x0000000100000000)
  region size 1024K, 14 young (14336K), 14 survivors (14336K)
 Metaspace       used 44149K, capacity 45191K, committed 45520K, reserved 1089536K
  class space    used 5650K, capacity 6022K, committed 6144K, reserved 1048576K
}

